Flow report for lab5
Thu Dec 05 10:41:11 2013
Quartus II 64-Bit Version 11.0 Build 157 04/27/2011 SJ Full Version


---------------------
; Table of Contents ;
---------------------
  1. Legal Notice
  2. Flow Summary
  3. Flow Settings
  4. Flow Non-Default Global Settings
  5. Flow Elapsed Time
  6. Flow OS Summary
  7. Flow Log



----------------
; Legal Notice ;
----------------
Copyright (C) 1991-2011 Altera Corporation
Your use of Altera Corporation's design tools, logic functions 
and other software and tools, and its AMPP partner logic 
functions, and any output files from any of the foregoing 
(including device programming or simulation files), and any 
associated documentation or information are expressly subject 
to the terms and conditions of the Altera Program License 
Subscription Agreement, Altera MegaCore Function License 
Agreement, or other applicable license agreement, including, 
without limitation, that your use is for the sole purpose of 
programming logic devices manufactured by Altera and sold by 
Altera or its authorized distributors.  Please refer to the 
applicable agreement for further details.



+--------------------------------------------------------------------------------+
; Flow Summary                                                                   ;
+------------------------------------+-------------------------------------------+
; Flow Status                        ; Successful - Thu Dec 05 10:41:11 2013     ;
; Quartus II 64-Bit Version          ; 11.0 Build 157 04/27/2011 SJ Full Version ;
; Revision Name                      ; lab5                                      ;
; Top-level Entity Name              ; lab5                                      ;
; Family                             ; Cyclone II                                ;
; Device                             ; EP2C35F672C6                              ;
; Timing Models                      ; Final                                     ;
; Total logic elements               ; 3,153 / 33,216 ( 9 % )                    ;
;     Total combinational functions  ; 2,140 / 33,216 ( 6 % )                    ;
;     Dedicated logic registers      ; 2,137 / 33,216 ( 6 % )                    ;
; Total registers                    ; 2137                                      ;
; Total pins                         ; 197 / 475 ( 41 % )                        ;
; Total virtual pins                 ; 0                                         ;
; Total memory bits                  ; 0 / 483,840 ( 0 % )                       ;
; Embedded Multiplier 9-bit elements ; 0 / 70 ( 0 % )                            ;
; Total PLLs                         ; 0 / 4 ( 0 % )                             ;
+------------------------------------+-------------------------------------------+


+-----------------------------------------+
; Flow Settings                           ;
+-------------------+---------------------+
; Option            ; Setting             ;
+-------------------+---------------------+
; Start date & time ; 12/05/2013 10:40:15 ;
; Main task         ; Compilation         ;
; Revision Name     ; lab5                ;
+-------------------+---------------------+


+-----------------------------------------------------------------------------------------------------------------------+
; Flow Non-Default Global Settings                                                                                      ;
+--------------------------------------+---------------------------------+---------------+-------------+----------------+
; Assignment Name                      ; Value                           ; Default Value ; Entity Name ; Section Id     ;
+--------------------------------------+---------------------------------+---------------+-------------+----------------+
; COMPILER_SIGNATURE_ID                ; 132683363511445.138625801401752 ; --            ; --          ; --             ;
; EDA_DESIGN_INSTANCE_NAME             ; UUT                             ; --            ; --          ; lab5_test      ;
; EDA_NATIVELINK_SIMULATION_TEST_BENCH ; lab5_test                       ; --            ; --          ; eda_simulation ;
; EDA_OUTPUT_DATA_FORMAT               ; Verilog Hdl                     ; --            ; --          ; eda_simulation ;
; EDA_SIMULATION_TOOL                  ; ModelSim-Altera (Verilog)       ; <None>        ; --          ; --             ;
; EDA_TEST_BENCH_ENABLE_STATUS         ; TEST_BENCH_MODE                 ; --            ; --          ; eda_simulation ;
; EDA_TEST_BENCH_FILE                  ; lab5_test.v                     ; --            ; --          ; lab5_test      ;
; EDA_TEST_BENCH_MODULE_NAME           ; lab5_test                       ; --            ; --          ; lab5_test      ;
; EDA_TEST_BENCH_NAME                  ; lab5_test                       ; --            ; --          ; eda_simulation ;
; EDA_TIME_SCALE                       ; 1 ps                            ; --            ; --          ; eda_simulation ;
; MAX_CORE_JUNCTION_TEMP               ; 85                              ; --            ; --          ; --             ;
; MIN_CORE_JUNCTION_TEMP               ; 0                               ; --            ; --          ; --             ;
; PARTITION_COLOR                      ; 16764057                        ; --            ; --          ; Top            ;
; PARTITION_FITTER_PRESERVATION_LEVEL  ; PLACEMENT_AND_ROUTING           ; --            ; --          ; Top            ;
; PARTITION_NETLIST_TYPE               ; SOURCE                          ; --            ; --          ; Top            ;
+--------------------------------------+---------------------------------+---------------+-------------+----------------+


+-------------------------------------------------------------------------------------------------------------------------------+
; Flow Elapsed Time                                                                                                             ;
+---------------------------+--------------+-------------------------+---------------------+------------------------------------+
; Module Name               ; Elapsed Time ; Average Processors Used ; Peak Virtual Memory ; Total CPU Time (on all processors) ;
+---------------------------+--------------+-------------------------+---------------------+------------------------------------+
; Analysis & Synthesis      ; 00:00:29     ; 1.0                     ; 359 MB              ; 00:00:28                           ;
; Fitter                    ; 00:00:18     ; 1.9                     ; 549 MB              ; 00:00:21                           ;
; Assembler                 ; 00:00:03     ; 1.0                     ; 385 MB              ; 00:00:02                           ;
; TimeQuest Timing Analyzer ; 00:00:05     ; 2.4                     ; 417 MB              ; 00:00:05                           ;
; EDA Netlist Writer        ; 00:00:03     ; 1.0                     ; 330 MB              ; 00:00:03                           ;
; Total                     ; 00:00:58     ; --                      ; --                  ; 00:00:59                           ;
+---------------------------+--------------+-------------------------+---------------------+------------------------------------+


+----------------------------------------------------------------------------------------+
; Flow OS Summary                                                                        ;
+---------------------------+------------------+-----------+------------+----------------+
; Module Name               ; Machine Hostname ; OS Name   ; OS Version ; Processor type ;
+---------------------------+------------------+-----------+------------+----------------+
; Analysis & Synthesis      ; PH238-09         ; Windows 7 ; 6.1        ; x86_64         ;
; Fitter                    ; PH238-09         ; Windows 7 ; 6.1        ; x86_64         ;
; Assembler                 ; PH238-09         ; Windows 7 ; 6.1        ; x86_64         ;
; TimeQuest Timing Analyzer ; PH238-09         ; Windows 7 ; 6.1        ; x86_64         ;
; EDA Netlist Writer        ; PH238-09         ; Windows 7 ; 6.1        ; x86_64         ;
+---------------------------+------------------+-----------+------------+----------------+


------------
; Flow Log ;
------------
quartus_map --read_settings_files=on --write_settings_files=off lab5 -c lab5
quartus_fit --read_settings_files=off --write_settings_files=off lab5 -c lab5
quartus_asm --read_settings_files=off --write_settings_files=off lab5 -c lab5
quartus_sta lab5 -c lab5
quartus_eda --read_settings_files=off --write_settings_files=off lab5 -c lab5



