Flow report for alu
Mon Nov 04 11:23:43 2013
Quartus II Version 11.0 Build 208 07/03/2011 Service Pack 1 SJ Web Edition


---------------------
; Table of Contents ;
---------------------
  1. Legal Notice
  2. Flow Summary
  3. Flow Settings
  4. Flow Non-Default Global Settings
  5. Flow Elapsed Time
  6. Flow OS Summary
  7. Flow Log



----------------
; Legal Notice ;
----------------
Copyright (C) 1991-2011 Altera Corporation
Your use of Altera Corporation's design tools, logic functions 
and other software and tools, and its AMPP partner logic 
functions, and any output files from any of the foregoing 
(including device programming or simulation files), and any 
associated documentation or information are expressly subject 
to the terms and conditions of the Altera Program License 
Subscription Agreement, Altera MegaCore Function License 
Agreement, or other applicable license agreement, including, 
without limitation, that your use is for the sole purpose of 
programming logic devices manufactured by Altera and sold by 
Altera or its authorized distributors.  Please refer to the 
applicable agreement for further details.



+------------------------------------------------------------------------------------+
; Flow Summary                                                                       ;
+------------------------------------+-----------------------------------------------+
; Flow Status                        ; Successful - Mon Nov 04 11:23:42 2013         ;
; Quartus II Version                 ; 11.0 Build 208 07/03/2011 SP 1 SJ Web Edition ;
; Revision Name                      ; alu                                           ;
; Top-level Entity Name              ; alu                                           ;
; Family                             ; Cyclone II                                    ;
; Device                             ; EP2C35F672C6                                  ;
; Timing Models                      ; Final                                         ;
; Total logic elements               ; 92 / 33,216 ( < 1 % )                         ;
;     Total combinational functions  ; 92 / 33,216 ( < 1 % )                         ;
;     Dedicated logic registers      ; 0 / 33,216 ( 0 % )                            ;
; Total registers                    ; 0                                             ;
; Total pins                         ; 46 / 475 ( 10 % )                             ;
; Total virtual pins                 ; 0                                             ;
; Total memory bits                  ; 0 / 483,840 ( 0 % )                           ;
; Embedded Multiplier 9-bit elements ; 0 / 70 ( 0 % )                                ;
; Total PLLs                         ; 0 / 4 ( 0 % )                                 ;
+------------------------------------+-----------------------------------------------+


+-----------------------------------------+
; Flow Settings                           ;
+-------------------+---------------------+
; Option            ; Setting             ;
+-------------------+---------------------+
; Start date & time ; 11/04/2013 11:22:24 ;
; Main task         ; Compilation         ;
; Revision Name     ; alu                 ;
+-------------------+---------------------+


+---------------------------------------------------------------------------------------------------------------------------------+
; Flow Non-Default Global Settings                                                                                                ;
+--------------------------------------+---------------------------------------+---------------+-------------+--------------------+
; Assignment Name                      ; Value                                 ; Default Value ; Entity Name ; Section Id         ;
+--------------------------------------+---------------------------------------+---------------+-------------+--------------------+
; COMPILER_SIGNATURE_ID                ; 128527092015835.138358214203576       ; --            ; --          ; --                 ;
; EDA_DESIGN_INSTANCE_NAME             ; UUT                                   ; --            ; --          ; alu_test           ;
; EDA_DESIGN_INSTANCE_NAME             ; UUT                                   ; --            ; --          ; adder_test         ;
; EDA_DESIGN_INSTANCE_NAME             ; UUT                                   ; --            ; --          ; shifter_test       ;
; EDA_DESIGN_INSTANCE_NAME             ; UUT                                   ; --            ; --          ; control_test       ;
; EDA_DESIGN_INSTANCE_NAME             ; UUT                                   ; --            ; --          ; one_bit_adder_test ;
; EDA_NATIVELINK_SIMULATION_TEST_BENCH ; alu_test                              ; --            ; --          ; eda_simulation     ;
; EDA_OUTPUT_DATA_FORMAT               ; Verilog Hdl                           ; --            ; --          ; eda_simulation     ;
; EDA_SIMULATION_TOOL                  ; ModelSim-Altera (Verilog)             ; <None>        ; --          ; --                 ;
; EDA_TEST_BENCH_ENABLE_STATUS         ; TEST_BENCH_MODE                       ; --            ; --          ; eda_simulation     ;
; EDA_TEST_BENCH_FILE                  ; alu_test.v                            ; --            ; --          ; alu_test           ;
; EDA_TEST_BENCH_FILE                  ; adder_test.v                          ; --            ; --          ; adder_test         ;
; EDA_TEST_BENCH_FILE                  ; shifter_test.v                        ; --            ; --          ; shifter_test       ;
; EDA_TEST_BENCH_FILE                  ; control_test.v                        ; --            ; --          ; control_test       ;
; EDA_TEST_BENCH_FILE                  ; one_bit_adder_test.v                  ; --            ; --          ; one_bit_adder_test ;
; EDA_TEST_BENCH_MODULE_NAME           ; alu_test                              ; --            ; --          ; alu_test           ;
; EDA_TEST_BENCH_MODULE_NAME           ; adder_test                            ; --            ; --          ; adder_test         ;
; EDA_TEST_BENCH_MODULE_NAME           ; shifter_test                          ; --            ; --          ; shifter_test       ;
; EDA_TEST_BENCH_MODULE_NAME           ; control_test                          ; --            ; --          ; control_test       ;
; EDA_TEST_BENCH_MODULE_NAME           ; one_bit_adder_test                    ; --            ; --          ; one_bit_adder_test ;
; EDA_TEST_BENCH_NAME                  ; alu_test                              ; --            ; --          ; eda_simulation     ;
; EDA_TEST_BENCH_NAME                  ; adder_test                            ; --            ; --          ; eda_simulation     ;
; EDA_TEST_BENCH_NAME                  ; shifter_test                          ; --            ; --          ; eda_simulation     ;
; EDA_TEST_BENCH_NAME                  ; control_test                          ; --            ; --          ; eda_simulation     ;
; EDA_TEST_BENCH_NAME                  ; one_bit_adder_test                    ; --            ; --          ; eda_simulation     ;
; EDA_TIME_SCALE                       ; 1 ps                                  ; --            ; --          ; eda_simulation     ;
; MAX_CORE_JUNCTION_TEMP               ; 85                                    ; --            ; --          ; --                 ;
; MIN_CORE_JUNCTION_TEMP               ; 0                                     ; --            ; --          ; --                 ;
; PARTITION_COLOR                      ; 16764057                              ; --            ; --          ; Top                ;
; PARTITION_FITTER_PRESERVATION_LEVEL  ; PLACEMENT_AND_ROUTING                 ; --            ; --          ; Top                ;
; PARTITION_NETLIST_TYPE               ; SOURCE                                ; --            ; --          ; Top                ;
; POWER_BOARD_THERMAL_MODEL            ; None (CONSERVATIVE)                   ; --            ; --          ; --                 ;
; POWER_PRESET_COOLING_SOLUTION        ; 23 MM HEAT SINK WITH 200 LFPM AIRFLOW ; --            ; --          ; --                 ;
+--------------------------------------+---------------------------------------+---------------+-------------+--------------------+


+-------------------------------------------------------------------------------------------------------------------------------+
; Flow Elapsed Time                                                                                                             ;
+---------------------------+--------------+-------------------------+---------------------+------------------------------------+
; Module Name               ; Elapsed Time ; Average Processors Used ; Peak Virtual Memory ; Total CPU Time (on all processors) ;
+---------------------------+--------------+-------------------------+---------------------+------------------------------------+
; Analysis & Synthesis      ; 00:00:10     ; 1.0                     ; 262 MB              ; 00:00:08                           ;
; Fitter                    ; 00:00:32     ; 1.0                     ; 369 MB              ; 00:00:30                           ;
; TimeQuest Timing Analyzer ; 00:00:17     ; 1.0                     ; 264 MB              ; 00:00:11                           ;
; Assembler                 ; 00:00:20     ; 1.0                     ; 308 MB              ; 00:00:16                           ;
; EDA Netlist Writer        ; 00:00:03     ; 1.0                     ; 229 MB              ; 00:00:03                           ;
; Total                     ; 00:01:22     ; --                      ; --                  ; 00:01:08                           ;
+---------------------------+--------------+-------------------------+---------------------+------------------------------------+


+----------------------------------------------------------------------------------------+
; Flow OS Summary                                                                        ;
+---------------------------+------------------+-----------+------------+----------------+
; Module Name               ; Machine Hostname ; OS Name   ; OS Version ; Processor type ;
+---------------------------+------------------+-----------+------------+----------------+
; Analysis & Synthesis      ; User-PC          ; Windows 7 ; 6.1        ; x86_64         ;
; Fitter                    ; User-PC          ; Windows 7 ; 6.1        ; x86_64         ;
; TimeQuest Timing Analyzer ; User-PC          ; Windows 7 ; 6.1        ; x86_64         ;
; Assembler                 ; User-PC          ; Windows 7 ; 6.1        ; x86_64         ;
; EDA Netlist Writer        ; User-PC          ; Windows 7 ; 6.1        ; x86_64         ;
+---------------------------+------------------+-----------+------------+----------------+


------------
; Flow Log ;
------------
quartus_map --read_settings_files=on --write_settings_files=off alu -c alu
quartus_fit --read_settings_files=off --write_settings_files=off alu -c alu
quartus_sta alu -c alu
quartus_asm --read_settings_files=off --write_settings_files=off alu -c alu
quartus_eda --read_settings_files=off --write_settings_files=off alu -c alu



