Analysis & Synthesis report for alu
Mon Nov 04 11:22:32 2013
Quartus II Version 11.0 Build 208 07/03/2011 Service Pack 1 SJ Web Edition


---------------------
; Table of Contents ;
---------------------
  1. Legal Notice
  2. Analysis & Synthesis Summary
  3. Analysis & Synthesis Settings
  4. Parallel Compilation
  5. Analysis & Synthesis Source Files Read
  6. Analysis & Synthesis Resource Usage Summary
  7. Analysis & Synthesis Resource Utilization by Entity
  8. User-Specified and Inferred Latches
  9. General Register Statistics
 10. Multiplexer Restructuring Statistics (Restructuring Performed)
 11. Port Connectivity Checks: "muxCO:muxCO0"
 12. Port Connectivity Checks: "shifter:shifter0"
 13. Port Connectivity Checks: "adder:adder0"
 14. Elapsed Time Per Partition
 15. Analysis & Synthesis Messages
 16. Analysis & Synthesis Suppressed Messages



----------------
; Legal Notice ;
----------------
Copyright (C) 1991-2011 Altera Corporation
Your use of Altera Corporation's design tools, logic functions 
and other software and tools, and its AMPP partner logic 
functions, and any output files from any of the foregoing 
(including device programming or simulation files), and any 
associated documentation or information are expressly subject 
to the terms and conditions of the Altera Program License 
Subscription Agreement, Altera MegaCore Function License 
Agreement, or other applicable license agreement, including, 
without limitation, that your use is for the sole purpose of 
programming logic devices manufactured by Altera and sold by 
Altera or its authorized distributors.  Please refer to the 
applicable agreement for further details.



+------------------------------------------------------------------------------------+
; Analysis & Synthesis Summary                                                       ;
+------------------------------------+-----------------------------------------------+
; Analysis & Synthesis Status        ; Successful - Mon Nov 04 11:22:32 2013         ;
; Quartus II Version                 ; 11.0 Build 208 07/03/2011 SP 1 SJ Web Edition ;
; Revision Name                      ; alu                                           ;
; Top-level Entity Name              ; alu                                           ;
; Family                             ; Cyclone II                                    ;
; Total logic elements               ; 92                                            ;
;     Total combinational functions  ; 92                                            ;
;     Dedicated logic registers      ; 0                                             ;
; Total registers                    ; 0                                             ;
; Total pins                         ; 46                                            ;
; Total virtual pins                 ; 0                                             ;
; Total memory bits                  ; 0                                             ;
; Embedded Multiplier 9-bit elements ; 0                                             ;
; Total PLLs                         ; 0                                             ;
+------------------------------------+-----------------------------------------------+


+----------------------------------------------------------------------------------------------------------------------+
; Analysis & Synthesis Settings                                                                                        ;
+----------------------------------------------------------------------------+--------------------+--------------------+
; Option                                                                     ; Setting            ; Default Value      ;
+----------------------------------------------------------------------------+--------------------+--------------------+
; Device                                                                     ; EP2C35F672C6       ;                    ;
; Top-level entity name                                                      ; alu                ; alu                ;
; Family name                                                                ; Cyclone II         ; Cyclone IV GX      ;
; Use smart compilation                                                      ; Off                ; Off                ;
; Enable parallel Assembler and TimeQuest Timing Analyzer during compilation ; On                 ; On                 ;
; Enable compact report table                                                ; Off                ; Off                ;
; Restructure Multiplexers                                                   ; Auto               ; Auto               ;
; Create Debugging Nodes for IP Cores                                        ; Off                ; Off                ;
; Preserve fewer node names                                                  ; On                 ; On                 ;
; Disable OpenCore Plus hardware evaluation                                  ; Off                ; Off                ;
; Verilog Version                                                            ; Verilog_2001       ; Verilog_2001       ;
; VHDL Version                                                               ; VHDL_1993          ; VHDL_1993          ;
; State Machine Processing                                                   ; Auto               ; Auto               ;
; Safe State Machine                                                         ; Off                ; Off                ;
; Extract Verilog State Machines                                             ; On                 ; On                 ;
; Extract VHDL State Machines                                                ; On                 ; On                 ;
; Ignore Verilog initial constructs                                          ; Off                ; Off                ;
; Iteration limit for constant Verilog loops                                 ; 5000               ; 5000               ;
; Iteration limit for non-constant Verilog loops                             ; 250                ; 250                ;
; Add Pass-Through Logic to Inferred RAMs                                    ; On                 ; On                 ;
; Parallel Synthesis                                                         ; On                 ; On                 ;
; DSP Block Balancing                                                        ; Auto               ; Auto               ;
; NOT Gate Push-Back                                                         ; On                 ; On                 ;
; Power-Up Don't Care                                                        ; On                 ; On                 ;
; Remove Redundant Logic Cells                                               ; Off                ; Off                ;
; Remove Duplicate Registers                                                 ; On                 ; On                 ;
; Ignore CARRY Buffers                                                       ; Off                ; Off                ;
; Ignore CASCADE Buffers                                                     ; Off                ; Off                ;
; Ignore GLOBAL Buffers                                                      ; Off                ; Off                ;
; Ignore ROW GLOBAL Buffers                                                  ; Off                ; Off                ;
; Ignore LCELL Buffers                                                       ; Off                ; Off                ;
; Ignore SOFT Buffers                                                        ; On                 ; On                 ;
; Limit AHDL Integers to 32 Bits                                             ; Off                ; Off                ;
; Optimization Technique                                                     ; Balanced           ; Balanced           ;
; Carry Chain Length                                                         ; 70                 ; 70                 ;
; Auto Carry Chains                                                          ; On                 ; On                 ;
; Auto Open-Drain Pins                                                       ; On                 ; On                 ;
; Perform WYSIWYG Primitive Resynthesis                                      ; Off                ; Off                ;
; Auto ROM Replacement                                                       ; On                 ; On                 ;
; Auto RAM Replacement                                                       ; On                 ; On                 ;
; Auto Shift Register Replacement                                            ; Auto               ; Auto               ;
; Allow Shift Register Merging across Hierarchies                            ; Auto               ; Auto               ;
; Auto Clock Enable Replacement                                              ; On                 ; On                 ;
; Strict RAM Replacement                                                     ; Off                ; Off                ;
; Allow Synchronous Control Signals                                          ; On                 ; On                 ;
; Force Use of Synchronous Clear Signals                                     ; Off                ; Off                ;
; Auto RAM to Logic Cell Conversion                                          ; Off                ; Off                ;
; Auto Resource Sharing                                                      ; Off                ; Off                ;
; Allow Any RAM Size For Recognition                                         ; Off                ; Off                ;
; Allow Any ROM Size For Recognition                                         ; Off                ; Off                ;
; Allow Any Shift Register Size For Recognition                              ; Off                ; Off                ;
; Use LogicLock Constraints during Resource Balancing                        ; On                 ; On                 ;
; Ignore translate_off and synthesis_off directives                          ; Off                ; Off                ;
; Timing-Driven Synthesis                                                    ; Off                ; Off                ;
; Report Parameter Settings                                                  ; On                 ; On                 ;
; Report Source Assignments                                                  ; On                 ; On                 ;
; Report Connectivity Checks                                                 ; On                 ; On                 ;
; Ignore Maximum Fan-Out Assignments                                         ; Off                ; Off                ;
; Synchronization Register Chain Length                                      ; 2                  ; 2                  ;
; PowerPlay Power Optimization                                               ; Normal compilation ; Normal compilation ;
; HDL message level                                                          ; Level2             ; Level2             ;
; Suppress Register Optimization Related Messages                            ; Off                ; Off                ;
; Number of Removed Registers Reported in Synthesis Report                   ; 5000               ; 5000               ;
; Number of Inverted Registers Reported in Synthesis Report                  ; 100                ; 100                ;
; Clock MUX Protection                                                       ; On                 ; On                 ;
; Auto Gated Clock Conversion                                                ; Off                ; Off                ;
; Block Design Naming                                                        ; Auto               ; Auto               ;
; SDC constraint protection                                                  ; Off                ; Off                ;
; Synthesis Effort                                                           ; Auto               ; Auto               ;
; Shift Register Replacement - Allow Asynchronous Clear Signal               ; On                 ; On                 ;
; Analysis & Synthesis Message Level                                         ; Medium             ; Medium             ;
; Disable Register Merging Across Hierarchies                                ; Auto               ; Auto               ;
; Resource Aware Inference For Block RAM                                     ; On                 ; On                 ;
; Synthesis Seed                                                             ; 1                  ; 1                  ;
+----------------------------------------------------------------------------+--------------------+--------------------+


Parallel compilation was disabled, but you have multiple processors available. Enable parallel compilation to reduce compilation time.
+-------------------------------------+
; Parallel Compilation                ;
+----------------------------+--------+
; Processors                 ; Number ;
+----------------------------+--------+
; Number detected on machine ; 2      ;
; Maximum allowed            ; 1      ;
+----------------------------+--------+


+------------------------------------------------------------------------------------------------------------------------------------------+
; Analysis & Synthesis Source Files Read                                                                                                   ;
+----------------------------------+-----------------+------------------------+------------------------------------------------------------+
; File Name with User-Entered Path ; Used in Netlist ; File Type              ; File Name with Absolute Path                               ;
+----------------------------------+-----------------+------------------------+------------------------------------------------------------+
; muxCI.v                          ; yes             ; User Verilog HDL File  ; C:/Users/Vasudharini/Downloads/alu (1)/alu/muxCI.v         ;
; shifter.v                        ; yes             ; User Verilog HDL File  ; C:/Users/Vasudharini/Downloads/alu (1)/alu/shifter.v       ;
; logical.v                        ; yes             ; User Verilog HDL File  ; C:/Users/Vasudharini/Downloads/alu (1)/alu/logical.v       ;
; control.v                        ; yes             ; User Verilog HDL File  ; C:/Users/Vasudharini/Downloads/alu (1)/alu/control.v       ;
; bcd_7seg.v                       ; yes             ; User Verilog HDL File  ; C:/Users/Vasudharini/Downloads/alu (1)/alu/bcd_7seg.v      ;
; alu.v                            ; yes             ; User Verilog HDL File  ; C:/Users/Vasudharini/Downloads/alu (1)/alu/alu.v           ;
; adder.v                          ; yes             ; User Verilog HDL File  ; C:/Users/Vasudharini/Downloads/alu (1)/alu/adder.v         ;
; one_bit_adder.v                  ; yes             ; User Verilog HDL File  ; C:/Users/Vasudharini/Downloads/alu (1)/alu/one_bit_adder.v ;
; muxBneg.v                        ; yes             ; User Verilog HDL File  ; C:/Users/Vasudharini/Downloads/alu (1)/alu/muxBneg.v       ;
; mux_out.v                        ; yes             ; User Verilog HDL File  ; C:/Users/Vasudharini/Downloads/alu (1)/alu/mux_out.v       ;
; muxCO.v                          ; yes             ; User Verilog HDL File  ; C:/Users/Vasudharini/Downloads/alu (1)/alu/muxCO.v         ;
+----------------------------------+-----------------+------------------------+------------------------------------------------------------+


+------------------------------------------------------------------------+
; Analysis & Synthesis Resource Usage Summary                            ;
+---------------------------------------------+--------------------------+
; Resource                                    ; Usage                    ;
+---------------------------------------------+--------------------------+
; Estimated Total logic elements              ; 92                       ;
;                                             ;                          ;
; Total combinational functions               ; 92                       ;
; Logic element usage by number of LUT inputs ;                          ;
;     -- 4 input functions                    ; 44                       ;
;     -- 3 input functions                    ; 26                       ;
;     -- <=2 input functions                  ; 22                       ;
;                                             ;                          ;
; Logic elements by mode                      ;                          ;
;     -- normal mode                          ; 83                       ;
;     -- arithmetic mode                      ; 9                        ;
;                                             ;                          ;
; Total registers                             ; 0                        ;
;     -- Dedicated logic registers            ; 0                        ;
;     -- I/O registers                        ; 0                        ;
;                                             ;                          ;
; I/O pins                                    ; 46                       ;
; Maximum fan-out node                        ; control:control0|OSEL[1] ;
; Maximum fan-out                             ; 14                       ;
; Total fan-out                               ; 323                      ;
; Average fan-out                             ; 2.34                     ;
+---------------------------------------------+--------------------------+


+------------------------------------------------------------------------------------------------------------------------------------------------------------------------------------------------+
; Analysis & Synthesis Resource Utilization by Entity                                                                                                                                            ;
+-----------------------------+-------------------+--------------+-------------+--------------+---------+-----------+------+--------------+---------------------------------------+--------------+
; Compilation Hierarchy Node  ; LC Combinationals ; LC Registers ; Memory Bits ; DSP Elements ; DSP 9x9 ; DSP 18x18 ; Pins ; Virtual Pins ; Full Hierarchy Name                   ; Library Name ;
+-----------------------------+-------------------+--------------+-------------+--------------+---------+-----------+------+--------------+---------------------------------------+--------------+
; |alu                        ; 92 (5)            ; 0 (0)        ; 0           ; 0            ; 0       ; 0         ; 46   ; 0            ; |alu                                  ;              ;
;    |adder:adder0|           ; 10 (0)            ; 0 (0)        ; 0           ; 0            ; 0       ; 0         ; 0    ; 0            ; |alu|adder:adder0                     ;              ;
;       |one_bit_adder:inst0| ; 10 (10)           ; 0 (0)        ; 0           ; 0            ; 0       ; 0         ; 0    ; 0            ; |alu|adder:adder0|one_bit_adder:inst0 ;              ;
;    |bcd_7seg:Y4_0|          ; 7 (7)             ; 0 (0)        ; 0           ; 0            ; 0       ; 0         ; 0    ; 0            ; |alu|bcd_7seg:Y4_0                    ;              ;
;    |bcd_7seg:Y4_1|          ; 7 (7)             ; 0 (0)        ; 0           ; 0            ; 0       ; 0         ; 0    ; 0            ; |alu|bcd_7seg:Y4_1                    ;              ;
;    |control:control0|       ; 13 (13)           ; 0 (0)        ; 0           ; 0            ; 0       ; 0         ; 0    ; 0            ; |alu|control:control0                 ;              ;
;    |logical:logical0|       ; 3 (3)             ; 0 (0)        ; 0           ; 0            ; 0       ; 0         ; 0    ; 0            ; |alu|logical:logical0                 ;              ;
;    |muxBneg:muxBneg0|       ; 8 (8)             ; 0 (0)        ; 0           ; 0            ; 0       ; 0         ; 0    ; 0            ; |alu|muxBneg:muxBneg0                 ;              ;
;    |muxCO:muxCO0|           ; 1 (1)             ; 0 (0)        ; 0           ; 0            ; 0       ; 0         ; 0    ; 0            ; |alu|muxCO:muxCO0                     ;              ;
;    |mux_out:mux_out0|       ; 37 (37)           ; 0 (0)        ; 0           ; 0            ; 0       ; 0         ; 0    ; 0            ; |alu|mux_out:mux_out0                 ;              ;
;    |shifter:shifter0|       ; 1 (1)             ; 0 (0)        ; 0           ; 0            ; 0       ; 0         ; 0    ; 0            ; |alu|shifter:shifter0                 ;              ;
+-----------------------------+-------------------+--------------+-------------+--------------+---------+-----------+------+--------------+---------------------------------------+--------------+
Note: For table entries with two numbers listed, the numbers in parentheses indicate the number of resources of the given type used by the specific entity alone. The numbers listed outside of parentheses indicate the total resources of the given type used by the specific entity and all of its sub-entities in the hierarchy.


+-----------------------------------------------------------------------------------------------------+
; User-Specified and Inferred Latches                                                                 ;
+----------------------------------------------------+-----------------------+------------------------+
; Latch Name                                         ; Latch Enable Signal   ; Free of Timing Hazards ;
+----------------------------------------------------+-----------------------+------------------------+
; control:control0|BSEL[0]                           ; control:control0|Mux1 ; yes                    ;
; control:control0|LR                                ; control:control0|Mux3 ; yes                    ;
; control:control0|LA                                ; control:control0|Mux6 ; yes                    ;
; control:control0|OSEL[0]                           ; control:control0|Mux8 ; yes                    ;
; control:control0|OSEL[1]                           ; control:control0|Mux8 ; yes                    ;
; control:control0|LOP                               ; control:control0|Mux7 ; yes                    ;
; Number of user-specified and inferred latches = 6  ;                       ;                        ;
+----------------------------------------------------+-----------------------+------------------------+
Note: All latches listed above may not be present at the end of synthesis due to various synthesis optimizations.


+------------------------------------------------------+
; General Register Statistics                          ;
+----------------------------------------------+-------+
; Statistic                                    ; Value ;
+----------------------------------------------+-------+
; Total registers                              ; 0     ;
; Number of registers using Synchronous Clear  ; 0     ;
; Number of registers using Synchronous Load   ; 0     ;
; Number of registers using Asynchronous Clear ; 0     ;
; Number of registers using Asynchronous Load  ; 0     ;
; Number of registers using Clock Enable       ; 0     ;
; Number of registers using Preset             ; 0     ;
+----------------------------------------------+-------+


+----------------------------------------------------------------------------------------------------------------------------------------------------------+
; Multiplexer Restructuring Statistics (Restructuring Performed)                                                                                           ;
+--------------------+-----------+---------------+----------------------+------------------------+----------------------------+----------------------------+
; Multiplexer Inputs ; Bus Width ; Baseline Area ; Area if Restructured ; Saving if Restructured ; Registered                 ; Example Multiplexer Output ;
+--------------------+-----------+---------------+----------------------+------------------------+----------------------------+----------------------------+
; 6:1                ; 6 bits    ; 24 LEs        ; 18 LEs               ; 6 LEs                  ; |alu|mux_out:mux_out0|Y[1] ;                            ;
+--------------------+-----------+---------------+----------------------+------------------------+----------------------------+----------------------------+


+------------------------------------------------------------------------------------------------------------------------------------------------------------------------------------------------------------+
; Port Connectivity Checks: "muxCO:muxCO0"                                                                                                                                                                   ;
+------+-------+----------+----------------------------------------------------------------------------------------------------------------------------------------------------------------------------------+
; Port ; Type  ; Severity ; Details                                                                                                                                                                          ;
+------+-------+----------+----------------------------------------------------------------------------------------------------------------------------------------------------------------------------------+
; OSEL ; Input ; Warning  ; Input port expression (2 bits) is wider than the input port (1 bits) it drives.  The 1 most-significant bit(s) in the expression will be dangling if they have no other fanouts. ;
+------+-------+----------+----------------------------------------------------------------------------------------------------------------------------------------------------------------------------------+


+----------------------------------------------------------------------------------------------------------------+
; Port Connectivity Checks: "shifter:shifter0"                                                                   ;
+------+--------+----------+-------------------------------------------------------------------------------------+
; Port ; Type   ; Severity ; Details                                                                             ;
+------+--------+----------+-------------------------------------------------------------------------------------+
; OVR  ; Output ; Info     ; Connected to dangling logic. Logic that only feeds a dangling port will be removed. ;
+------+--------+----------+-------------------------------------------------------------------------------------+


+-------------------------------------------------------------------------------------------------------------------------------------+
; Port Connectivity Checks: "adder:adder0"                                                                                            ;
+------+--------+----------+----------------------------------------------------------------------------------------------------------+
; Port ; Type   ; Severity ; Details                                                                                                  ;
+------+--------+----------+----------------------------------------------------------------------------------------------------------+
; a    ; Output ; Warning  ; Declared by entity but not connected by instance. Logic that only feeds a dangling port will be removed. ;
; b    ; Output ; Warning  ; Declared by entity but not connected by instance. Logic that only feeds a dangling port will be removed. ;
+------+--------+----------+----------------------------------------------------------------------------------------------------------+


+-------------------------------+
; Elapsed Time Per Partition    ;
+----------------+--------------+
; Partition Name ; Elapsed Time ;
+----------------+--------------+
; Top            ; 00:00:04     ;
+----------------+--------------+


+-------------------------------+
; Analysis & Synthesis Messages ;
+-------------------------------+
Info: *******************************************************************
Info: Running Quartus II Analysis & Synthesis
    Info: Version 11.0 Build 208 07/03/2011 Service Pack 1 SJ Web Edition
    Info: Processing started: Mon Nov 04 11:22:21 2013
Info: Command: quartus_map --read_settings_files=on --write_settings_files=off alu -c alu
Warning: Parallel compilation is not licensed and has been disabled
Info: Found 1 design units, including 1 entities, in source file adder_test.v
    Info: Found entity 1: adder_test
Info: Found 1 design units, including 1 entities, in source file muxci.v
    Info: Found entity 1: muxCI
Info: Found 1 design units, including 1 entities, in source file shifter.v
    Info: Found entity 1: shifter
Info: Found 1 design units, including 1 entities, in source file logical.v
    Info: Found entity 1: logical
Info: Found 1 design units, including 1 entities, in source file control.v
    Info: Found entity 1: control
Info: Found 1 design units, including 1 entities, in source file bcd_7seg.v
    Info: Found entity 1: bcd_7seg
Info: Found 1 design units, including 1 entities, in source file alu_test.v
    Info: Found entity 1: alu_test
Info: Found 1 design units, including 1 entities, in source file alu.v
    Info: Found entity 1: alu
Info: Found 1 design units, including 1 entities, in source file adder.v
    Info: Found entity 1: adder
Info: Found 1 design units, including 1 entities, in source file one_bit_adder.v
    Info: Found entity 1: one_bit_adder
Info: Found 1 design units, including 1 entities, in source file muxbneg.v
    Info: Found entity 1: muxBneg
Info: Found 1 design units, including 1 entities, in source file mux_out.v
    Info: Found entity 1: mux_out
Info: Found 1 design units, including 1 entities, in source file muxco.v
    Info: Found entity 1: muxCO
Info: Found 1 design units, including 1 entities, in source file shifter_test.v
    Info: Found entity 1: shifter_test
Info: Found 1 design units, including 1 entities, in source file control_test.v
    Info: Found entity 1: control_test
Info: Elaborating entity "alu" for the top level hierarchy
Warning (10230): Verilog HDL assignment warning at alu.v(99): truncated value with size 32 to match size of target (1)
Warning (10230): Verilog HDL assignment warning at alu.v(100): truncated value with size 32 to match size of target (1)
Info: Elaborating entity "control" for hierarchy "control:control0"
Warning (10270): Verilog HDL Case Statement warning at control.v(22): incomplete case statement has no default case item
Warning (10240): Verilog HDL Always Construct warning at control.v(22): inferring latch(es) for variable "LOP", which holds its previous value in one or more paths through the always construct
Warning (10240): Verilog HDL Always Construct warning at control.v(22): inferring latch(es) for variable "OSEL", which holds its previous value in one or more paths through the always construct
Warning (10240): Verilog HDL Always Construct warning at control.v(22): inferring latch(es) for variable "LA", which holds its previous value in one or more paths through the always construct
Warning (10240): Verilog HDL Always Construct warning at control.v(22): inferring latch(es) for variable "LR", which holds its previous value in one or more paths through the always construct
Warning (10240): Verilog HDL Always Construct warning at control.v(22): inferring latch(es) for variable "BSEL", which holds its previous value in one or more paths through the always construct
Info (10041): Inferred latch for "BSEL[0]" at control.v(22)
Info (10041): Inferred latch for "BSEL[1]" at control.v(22)
Info (10041): Inferred latch for "LR" at control.v(22)
Info (10041): Inferred latch for "LA" at control.v(22)
Info (10041): Inferred latch for "OSEL[0]" at control.v(22)
Info (10041): Inferred latch for "OSEL[1]" at control.v(22)
Info (10041): Inferred latch for "LOP" at control.v(22)
Info: Elaborating entity "muxBneg" for hierarchy "muxBneg:muxBneg0"
Warning (10036): Verilog HDL or VHDL warning at muxBneg.v(9): object "B_neg" assigned a value but never read
Warning (10230): Verilog HDL assignment warning at muxBneg.v(11): truncated value with size 8 to match size of target (1)
Info: Elaborating entity "muxCI" for hierarchy "muxCI:muxCI0"
Info: Elaborating entity "adder" for hierarchy "adder:adder0"
Info: Elaborating entity "one_bit_adder" for hierarchy "adder:adder0|one_bit_adder:inst0"
Info: Elaborating entity "shifter" for hierarchy "shifter:shifter0"
Warning (10240): Verilog HDL Always Construct warning at shifter.v(19): inferring latch(es) for variable "RES", which holds its previous value in one or more paths through the always construct
Info: Elaborating entity "logical" for hierarchy "logical:logical0"
Info: Elaborating entity "muxCO" for hierarchy "muxCO:muxCO0"
Info: Elaborating entity "mux_out" for hierarchy "mux_out:mux_out0"
Info: Elaborating entity "bcd_7seg" for hierarchy "bcd_7seg:Y4_0"
Warning: 2 hierarchies have connectivity warnings - see the Connectivity Checks report folder
Warning: Latch control:control0|LR has unsafe behavior
    Warning: Ports D and ENA on the latch are fed by the same signal OP[0]
Warning: Latch control:control0|LA has unsafe behavior
    Warning: Ports D and ENA on the latch are fed by the same signal OP[0]
Warning: Latch control:control0|OSEL[0] has unsafe behavior
    Warning: Ports D and ENA on the latch are fed by the same signal OP[1]
Warning: Latch control:control0|OSEL[1] has unsafe behavior
    Warning: Ports D and ENA on the latch are fed by the same signal OP[2]
Warning: Latch control:control0|LOP has unsafe behavior
    Warning: Ports D and ENA on the latch are fed by the same signal OP[0]
Info: Generated suppressed messages file C:/Users/Vasudharini/Downloads/alu (1)/alu/alu.map.smsg
Info: Generating hard_block partition "hard_block:auto_generated_inst"
Info: Implemented 138 device resources after synthesis - the final resource count might be different
    Info: Implemented 19 input pins
    Info: Implemented 27 output pins
    Info: Implemented 92 logic cells
Info: Quartus II Analysis & Synthesis was successful. 0 errors, 23 warnings
    Info: Peak virtual memory: 265 megabytes
    Info: Processing ended: Mon Nov 04 11:22:32 2013
    Info: Elapsed time: 00:00:11
    Info: Total CPU time (on all processors): 00:00:09


+------------------------------------------+
; Analysis & Synthesis Suppressed Messages ;
+------------------------------------------+
The suppressed messages can be found in C:/Users/Vasudharini/Downloads/alu (1)/alu/alu.map.smsg.


